d:\personwork\workwordfile\project\server\server\debug\server.pch
d:\personwork\workwordfile\project\server\server\debug\vc141.pdb
d:\personwork\workwordfile\project\server\server\debug\vc141.idb
d:\personwork\workwordfile\project\server\server\debug\stdafx.obj
d:\personwork\workwordfile\project\server\server\debug\server.obj
d:\personwork\workwordfile\project\server\server\debug\qserver.obj
d:\personwork\workwordfile\project\server\server\debug\server.res
d:\personwork\workwordfile\project\server\debug\server.pdb
d:\personwork\workwordfile\project\server\server\debug\server.tlog\cl.command.1.tlog
d:\personwork\workwordfile\project\server\server\debug\server.tlog\cl.read.1.tlog
d:\personwork\workwordfile\project\server\server\debug\server.tlog\cl.write.1.tlog
d:\personwork\workwordfile\project\server\server\debug\server.tlog\link-cvtres.read.1.tlog
d:\personwork\workwordfile\project\server\server\debug\server.tlog\link-cvtres.write.1.tlog
d:\personwork\workwordfile\project\server\server\debug\server.tlog\link-rc.read.1.tlog
d:\personwork\workwordfile\project\server\server\debug\server.tlog\link-rc.write.1.tlog
d:\personwork\workwordfile\project\server\server\debug\server.tlog\link.command.1.tlog
d:\personwork\workwordfile\project\server\server\debug\server.tlog\link.read.1.tlog
d:\personwork\workwordfile\project\server\server\debug\server.tlog\link.write.1.tlog
d:\personwork\workwordfile\project\server\server\debug\server.tlog\rc.command.1.tlog
d:\personwork\workwordfile\project\server\server\debug\server.tlog\rc.read.1.tlog
d:\personwork\workwordfile\project\server\server\debug\server.tlog\rc.write.1.tlog
